<?xml version="1.0" encoding="UTF-8"?>
<testng-results skipped="0" failed="0" ignored="0" total="0" passed="0">
  <reporter-output>
  </reporter-output>
  <suite name="DTR Test Suite" duration-ms="13" started-at="2021-11-22T18:22:49Z" finished-at="2021-11-22T18:22:49Z">
    <groups>
    </groups>
    <test name="Regression tests" duration-ms="13" started-at="2021-11-22T18:22:49Z" finished-at="2021-11-22T18:22:49Z">
    </test> <!-- Regression tests -->
  </suite> <!-- DTR Test Suite -->
</testng-results>
